<?xml version="1.0" encoding="UTF-8"?>
<testng-results ignored="0" total="3" passed="2" failed="1" skipped="0">
  <reporter-output>
  </reporter-output>
  <suite started-at="2022-05-11T22:11:09 IST" name="Suite" finished-at="2022-05-11T22:11:23 IST" duration-ms="13810">
    <groups>
    </groups>
    <test started-at="2022-05-11T22:11:09 IST" name="Test" finished-at="2022-05-11T22:11:23 IST" duration-ms="13810">
      <class name="ReportDemo.ExtentReports.Test2">
        <test-method signature="googleTitleValidation()[pri:0, instance:ReportDemo.ExtentReports.Test2@327bcebd]" started-at="2022-05-11T22:11:09 IST" name="googleTitleValidation" finished-at="2022-05-11T22:11:18 IST" duration-ms="8727" status="FAIL">
          <exception class="java.lang.AssertionError">
            <full-stacktrace>
              <![CDATA[java.lang.AssertionError
at org.junit.Assert.fail(Assert.java:86)
at org.junit.Assert.assertTrue(Assert.java:41)
at org.junit.Assert.assertTrue(Assert.java:52)
at ReportDemo.ExtentReports.Test2.googleTitleValidation(Test2.java:15)
at java.base/jdk.internal.reflect.NativeMethodAccessorImpl.invoke0(Native Method)
at java.base/jdk.internal.reflect.NativeMethodAccessorImpl.invoke(NativeMethodAccessorImpl.java:78)
at java.base/jdk.internal.reflect.DelegatingMethodAccessorImpl.invoke(DelegatingMethodAccessorImpl.java:43)
at java.base/java.lang.reflect.Method.invoke(Method.java:567)
at org.testng.internal.MethodInvocationHelper.invokeMethod(MethodInvocationHelper.java:133)
at org.testng.internal.TestInvoker.invokeMethod(TestInvoker.java:598)
at org.testng.internal.TestInvoker.invokeTestMethod(TestInvoker.java:173)
at org.testng.internal.MethodRunner.runInSequence(MethodRunner.java:46)
at org.testng.internal.TestInvoker$MethodInvocationAgent.invoke(TestInvoker.java:824)
at org.testng.internal.TestInvoker.invokeTestMethods(TestInvoker.java:146)
at org.testng.internal.TestMethodWorker.invokeTestMethods(TestMethodWorker.java:146)
at org.testng.internal.TestMethodWorker.run(TestMethodWorker.java:128)
at java.base/java.util.concurrent.ThreadPoolExecutor.runWorker(ThreadPoolExecutor.java:1130)
at java.base/java.util.concurrent.ThreadPoolExecutor$Worker.run(ThreadPoolExecutor.java:630)
at java.base/java.lang.Thread.run(Thread.java:831)
]]>
            </full-stacktrace>
          </exception> <!-- java.lang.AssertionError -->
          <reporter-output>
          </reporter-output>
        </test-method> <!-- googleTitleValidation -->
      </class> <!-- ReportDemo.ExtentReports.Test2 -->
      <class name="ReportDemo.ExtentReports.Test3">
        <test-method signature="textBoxValidation()[pri:0, instance:ReportDemo.ExtentReports.Test3@19c65cdc]" started-at="2022-05-11T22:11:09 IST" name="textBoxValidation" finished-at="2022-05-11T22:11:23 IST" duration-ms="13768" status="PASS">
          <reporter-output>
          </reporter-output>
        </test-method> <!-- textBoxValidation -->
      </class> <!-- ReportDemo.ExtentReports.Test3 -->
      <class name="ReportDemo.ExtentReports.Test1">
        <test-method signature="initialDemo()[pri:0, instance:ReportDemo.ExtentReports.Test1@6bc407fd]" started-at="2022-05-11T22:11:09 IST" name="initialDemo" finished-at="2022-05-11T22:11:18 IST" duration-ms="9093" status="PASS">
          <reporter-output>
          </reporter-output>
        </test-method> <!-- initialDemo -->
      </class> <!-- ReportDemo.ExtentReports.Test1 -->
    </test> <!-- Test -->
  </suite> <!-- Suite -->
</testng-results>
