<?xml version="1.0" encoding="UTF-8"?>
<!-- Generated by org.testng.reporters.JUnitXMLReporter -->
<testsuite ignored="0" hostname="DESKTOP-A0AQDAN" failures="1" tests="3" name="Test" time="13.81" errors="0" timestamp="2022-05-11T22:11:23 IST">
  <testcase classname="ReportDemo.ExtentReports.Test2" name="googleTitleValidation" time="8.727">
    <failure type="java.lang.AssertionError">
      <![CDATA[java.lang.AssertionError
at org.junit.Assert.fail(Assert.java:86)
at org.junit.Assert.assertTrue(Assert.java:41)
at org.junit.Assert.assertTrue(Assert.java:52)
at ReportDemo.ExtentReports.Test2.googleTitleValidation(Test2.java:15)
at java.base/java.util.concurrent.ThreadPoolExecutor.runWorker(ThreadPoolExecutor.java:1130)
at java.base/java.util.concurrent.ThreadPoolExecutor$Worker.run(ThreadPoolExecutor.java:630)
at java.base/java.lang.Thread.run(Thread.java:831)
... Removed 12 stack frames]]>
    </failure>
  </testcase> <!-- googleTitleValidation -->
  <testcase classname="ReportDemo.ExtentReports.Test1" name="initialDemo" time="9.093"/>
  <testcase classname="ReportDemo.ExtentReports.Test3" name="textBoxValidation" time="13.768"/>
</testsuite> <!-- Test -->
